<?xml version="1.0" encoding="UTF-8"?>
<!-- Generated by org.testng.reporters.JUnitReportReporter -->
<testsuite skipped="0" hostname="DESKTOP-QJ2BC7G" name="com.actitime.testscript.CustomerModule" tests="1" failures="0" timestamp="2023-05-15T23:18:44 IST" time="80.446" errors="0">
  <testcase name="createCustomer" time="80.446" classname="com.actitime.testscript.CustomerModule"/>
  <system-out>
    <![CDATA[createCustomer]]>
  </system-out>
</testsuite> <!-- com.actitime.testscript.CustomerModule -->
