<?xml version="1.0" encoding="UTF-8"?>
<!-- Generated by org.testng.reporters.JUnitReportReporter -->
<testsuite skipped="0" hostname="DESKTOP-QJ2BC7G" name="p.xyz" tests="3" failures="0" timestamp="2023-05-16T00:08:20 IST" time="0.047" errors="0">
  <testcase name="ourTest2" time="0.013" classname="p.xyz"/>
  <system-out/>
  <testcase name="ourTest1" time="0.024" classname="p.xyz"/>
  <system-out/>
  <testcase name="ourTest3" time="0.010" classname="p.xyz"/>
  <system-out/>
</testsuite> <!-- p.xyz -->
